<?xml version="1.0" encoding="UTF-8"?>
<!-- Generated by org.testng.reporters.JUnitReportReporter -->
<testsuite hostname="LAPTOP-G6HOKFEK" failures="0" tests="2" name="Runners.NextCase" time="0.092" errors="0" timestamp="2023-08-28T22:48:48 IST" skipped="0">
  <testcase classname="Runners.NextCase" name="runScenario" time="0.086"/>
  <testcase classname="Runners.NextCase" name="runScenario" time="0.006"/>
</testsuite> <!-- Runners.NextCase -->
