<?xml version="1.0" encoding="UTF-8"?>
<!-- Generated by org.testng.reporters.JUnitReportReporter -->
<testsuite hostname="LAPTOP-G6HOKFEK" failures="0" tests="11" name="Runners.LoginNowRunner" time="0.243" errors="0" timestamp="2023-08-28T23:37:27 IST" skipped="0">
  <testcase classname="Runners.LoginNowRunner" name="runScenario" time="0.152"/>
  <testcase classname="Runners.LoginNowRunner" name="runScenario" time="0.010"/>
  <testcase classname="Runners.LoginNowRunner" name="runScenario" time="0.007"/>
  <testcase classname="Runners.LoginNowRunner" name="runScenario" time="0.007"/>
  <testcase classname="Runners.LoginNowRunner" name="runScenario" time="0.012"/>
  <testcase classname="Runners.LoginNowRunner" name="runScenario" time="0.013"/>
  <testcase classname="Runners.LoginNowRunner" name="runScenario" time="0.006"/>
  <testcase classname="Runners.LoginNowRunner" name="runScenario" time="0.006"/>
  <testcase classname="Runners.LoginNowRunner" name="runScenario" time="0.011"/>
  <testcase classname="Runners.LoginNowRunner" name="runScenario" time="0.008"/>
  <testcase classname="Runners.LoginNowRunner" name="runScenario" time="0.011"/>
</testsuite> <!-- Runners.LoginNowRunner -->
