<?xml version="1.0" encoding="UTF-8"?>
<!-- Generated by org.testng.reporters.JUnitReportReporter -->
<testsuite hostname="LAPTOP-G6HOKFEK" failures="0" tests="2" name="Runners.NextCase" time="0.162" errors="0" timestamp="2023-08-28T23:37:05 IST" skipped="0">
  <testcase classname="Runners.NextCase" name="runScenario" time="0.150"/>
  <testcase classname="Runners.NextCase" name="runScenario" time="0.012"/>
</testsuite> <!-- Runners.NextCase -->
