<?xml version="1.0" encoding="UTF-8"?>
<!-- Generated by org.testng.reporters.JUnitReportReporter -->
<testsuite hostname="LAPTOP-G6HOKFEK" failures="0" tests="2" name="Runners.NextCase" time="0.105" errors="0" timestamp="2023-08-28T16:02:40 IST" skipped="0">
  <testcase classname="Runners.NextCase" name="runScenario" time="0.095"/>
  <testcase classname="Runners.NextCase" name="runScenario" time="0.010"/>
</testsuite> <!-- Runners.NextCase -->
