<?xml version="1.0" encoding="UTF-8"?>
<!-- Generated by org.testng.reporters.JUnitReportReporter -->
<testsuite hostname="LAPTOP-G6HOKFEK" failures="0" tests="11" name="Runners.LoginNowRunner" time="0.155" errors="0" timestamp="2023-08-28T22:36:24 IST" skipped="0">
  <testcase classname="Runners.LoginNowRunner" name="runScenario" time="0.094"/>
  <testcase classname="Runners.LoginNowRunner" name="runScenario" time="0.004"/>
  <testcase classname="Runners.LoginNowRunner" name="runScenario" time="0.006"/>
  <testcase classname="Runners.LoginNowRunner" name="runScenario" time="0.004"/>
  <testcase classname="Runners.LoginNowRunner" name="runScenario" time="0.007"/>
  <testcase classname="Runners.LoginNowRunner" name="runScenario" time="0.009"/>
  <testcase classname="Runners.LoginNowRunner" name="runScenario" time="0.003"/>
  <testcase classname="Runners.LoginNowRunner" name="runScenario" time="0.006"/>
  <testcase classname="Runners.LoginNowRunner" name="runScenario" time="0.010"/>
  <testcase classname="Runners.LoginNowRunner" name="runScenario" time="0.006"/>
  <testcase classname="Runners.LoginNowRunner" name="runScenario" time="0.006"/>
</testsuite> <!-- Runners.LoginNowRunner -->
